src\main\java\pe\edu\perumar\perumar_backend\config\AwsConfig.java:1:package pe.edu.perumar.perumar_backend.config;
src\main\java\pe\edu\perumar\perumar_backend\config\AwsConfig.java:5:import org.springframework.context.annotation.Configuration;
src\main\java\pe\edu\perumar\perumar_backend\config\AwsConfig.java:12:@Configuration
src\main\java\pe\edu\perumar\perumar_backend\config\AwsConfig.java:14:public class AwsConfig {
src\main\java\pe\edu\perumar\perumar_backend\config\DynamoDBConfig.java:1:package pe.edu.perumar.perumar_backend.config;
src\main\java\pe\edu\perumar\perumar_backend\config\DynamoDBConfig.java:4:import org.springframework.context.annotation.Configuration;
src\main\java\pe\edu\perumar\perumar_backend\config\DynamoDBConfig.java:12:@Configuration
src\main\java\pe\edu\perumar\perumar_backend\config\DynamoDBConfig.java:14:public class DynamoDBConfig {
src\main\java\pe\edu\perumar\perumar_backend\config\DynamoDBConfig.java:19:                .region(Region.of(System.getProperty("aws.region", "us-east-1"))) // Si quieres configurable por properties
src\main\java\pe\edu\perumar\perumar_backend\config\S3Config.java:1:// src/main/java/pe/edu/perumar/perumar_backend/config/S3Config.java
src\main\java\pe\edu\perumar\perumar_backend\config\S3Config.java:2:package pe.edu.perumar.perumar_backend.config;
src\main\java\pe\edu\perumar\perumar_backend\config\S3Config.java:5:import org.springframework.context.annotation.Configuration;
src\main\java\pe\edu\perumar\perumar_backend\config\S3Config.java:12:@Configuration
src\main\java\pe\edu\perumar\perumar_backend\config\S3Config.java:14:public class S3Config {
src\main\java\pe\edu\perumar\perumar_backend\config\SecurityConfig.java:1:// src/main/java/pe/edu/perumar/perumar_backend/config/SecurityConfig.java
src\main\java\pe\edu\perumar\perumar_backend\config\SecurityConfig.java:2:package pe.edu.perumar.perumar_backend.config;
src\main\java\pe\edu\perumar\perumar_backend\config\SecurityConfig.java:5:import org.springframework.context.annotation.Configuration;
src\main\java\pe\edu\perumar\perumar_backend\config\SecurityConfig.java:8:import org.springframework.security.config.annotation.method.configuration.EnableReactiveMethodSecurity;
src\main\java\pe\edu\perumar\perumar_backend\config\SecurityConfig.java:9:import org.springframework.security.config.annotation.web.reactive.EnableWebFluxSecurity;
src\main\java\pe\edu\perumar\perumar_backend\config\SecurityConfig.java:10:import org.springframework.security.config.web.server.ServerHttpSecurity;
src\main\java\pe\edu\perumar\perumar_backend\config\SecurityConfig.java:16:import org.springframework.web.cors.CorsConfiguration;
src\main\java\pe\edu\perumar\perumar_backend\config\SecurityConfig.java:17:import org.springframework.web.cors.reactive.CorsConfigurationSource;
src\main\java\pe\edu\perumar\perumar_backend\config\SecurityConfig.java:18:import org.springframework.web.cors.reactive.UrlBasedCorsConfigurationSource;
src\main\java\pe\edu\perumar\perumar_backend\config\SecurityConfig.java:23:@Configuration
src\main\java\pe\edu\perumar\perumar_backend\config\SecurityConfig.java:27:public class SecurityConfig {
src\main\java\pe\edu\perumar\perumar_backend\config\SecurityConfig.java:34:  public CorsConfigurationSource corsConfigurationSource() {
src\main\java\pe\edu\perumar\perumar_backend\config\SecurityConfig.java:35:    CorsConfiguration config = new CorsConfiguration();
src\main\java\pe\edu\perumar\perumar_backend\config\SecurityConfig.java:37:    config.setAllowedOrigins(List.of("http://localhost:5173"));
src\main\java\pe\edu\perumar\perumar_backend\config\SecurityConfig.java:38:    config.setAllowedMethods(List.of("GET","POST","PUT","DELETE","OPTIONS","PATCH"));
src\main\java\pe\edu\perumar\perumar_backend\config\SecurityConfig.java:39:    config.setAllowedHeaders(List.of("Authorization","Content-Type","x-requested-with"));
src\main\java\pe\edu\perumar\perumar_backend\config\SecurityConfig.java:41:    config.setAllowCredentials(true);
src\main\java\pe\edu\perumar\perumar_backend\config\SecurityConfig.java:42:    UrlBasedCorsConfigurationSource source = new UrlBasedCorsConfigurationSource();
src\main\java\pe\edu\perumar\perumar_backend\config\SecurityConfig.java:43:    source.registerCorsConfiguration("/**", config);
src\main\java\pe\edu\perumar\perumar_backend\config\SecurityConfig.java:67:      .cors(c -> c.configurationSource(corsConfigurationSource()))
src\main\java\pe\edu\perumar\perumar_backend\config\SecurityConfig.java:73:          "/api-docs/**", "/api-docs/swagger-config",
src\main\java\pe\edu\perumar\perumar_backend\config\SecurityConfig.java:74:          "/v3/api-docs/**", "/v3/api-docs/swagger-config",
src\main\java\pe\edu\perumar\perumar_backend\PerumarBackendApplication.java:4:import org.springframework.boot.autoconfigure.SpringBootApplication;
