[INFO] Scanning for projects...
[INFO] 
[INFO] -------------------< pe.edu.perumar:perumar-backend >-------------------
[INFO] Building perumar-backend 0.0.1-SNAPSHOT
[INFO]   from pom.xml
[INFO] --------------------------------[ jar ]---------------------------------
[INFO] 
[INFO] >>> spring-boot:3.5.4:run (default-cli) > test-compile @ perumar-backend >>>
[INFO] 
[INFO] --- resources:3.3.1:resources (default-resources) @ perumar-backend ---
[INFO] Copying 1 resource from src\main\resources to target\classes
[INFO] Copying 0 resource from src\main\resources to target\classes
[INFO] 
[INFO] --- compiler:3.14.0:compile (default-compile) @ perumar-backend ---
[INFO] Nothing to compile - all classes are up to date.
[INFO] 
[INFO] --- resources:3.3.1:testResources (default-testResources) @ perumar-backend ---
[INFO] Copying 1 resource from src\test\resources to target\test-classes
[INFO] 
[INFO] --- compiler:3.14.0:testCompile (default-testCompile) @ perumar-backend ---
[INFO] Nothing to compile - all classes are up to date.
[INFO] 
[INFO] <<< spring-boot:3.5.4:run (default-cli) < test-compile @ perumar-backend <<<
[INFO] 
[INFO] 
[INFO] --- spring-boot:3.5.4:run (default-cli) @ perumar-backend ---
[INFO] Attaching agents: []

  .   ____          _            __ _ _
 /\\ / ___'_ __ _ _(_)_ __  __ _ \ \ \ \
( ( )\___ | '_ | '_| | '_ \/ _` | \ \ \ \
 \\/  ___)| |_)| | | | | || (_| |  ) ) ) )
  '  |____| .__|_| |_|_| |_\__, | / / / /
 =========|_|==============|___/=/_/_/_/

 :: Spring Boot ::                (v3.5.4)

2025-08-26T23:35:55.580-05:00  INFO 6616 --- [perumar-backend] [           main] p.e.p.p.PerumarBackendApplication        : Starting PerumarBackendApplication using Java 17.0.15 with PID 6616 (D:\PAPA\aplicaciones\PERUMAR\perumar-webflux\perumar-backend\target\classes started by Rodrigo in D:\PAPA\aplicaciones\PERUMAR\perumar-webflux\perumar-backend)
2025-08-26T23:35:55.583-05:00  INFO 6616 --- [perumar-backend] [           main] p.e.p.p.PerumarBackendApplication        : No active profile set, falling back to 1 default profile: "default"
2025-08-26T23:35:59.548-05:00  INFO 6616 --- [perumar-backend] [           main] o.s.b.a.e.web.EndpointLinksResolver      : Exposing 3 endpoints beneath base path '/actuator'
2025-08-26T23:36:00.045-05:00  INFO 6616 --- [perumar-backend] [           main] o.s.b.web.embedded.netty.NettyWebServer  : Netty started on port 8080 (http)
2025-08-26T23:36:00.062-05:00  INFO 6616 --- [perumar-backend] [           main] p.e.p.p.PerumarBackendApplication        : Started PerumarBackendApplication in 5.042 seconds (process running for 5.456)
2025-08-26T23:36:13.191-05:00  INFO 6616 --- [perumar-backend] [     parallel-2] p.e.p.p.u.r.UiConfigRepositoryImpl       : ?? Extracted role from JWT: ADMIN
2025-08-26T23:36:13.780-05:00  INFO 6616 --- [perumar-backend] [nc-response-1-0] p.e.p.p.ui.service.UiConfigServiceImpl   : ui-config found role=ADMIN sections=2
2025-08-26T23:39:54.453-05:00  INFO 6616 --- [perumar-backend] [     parallel-4] p.e.p.p.u.r.UiConfigRepositoryImpl       : ?? Extracted role from JWT: DIRECTOR
2025-08-26T23:39:54.804-05:00  INFO 6616 --- [perumar-backend] [nc-response-1-1] p.e.p.p.ui.service.UiConfigServiceImpl   : ui-config found role=DIRECTOR sections=3
2025-08-26T23:40:03.931-05:00  INFO 6616 --- [perumar-backend] [     parallel-5] p.e.p.p.u.r.UiConfigRepositoryImpl       : ?? Extracted role from JWT: DIRECTOR
2025-08-26T23:40:04.242-05:00  INFO 6616 --- [perumar-backend] [nc-response-1-2] p.e.p.p.ui.service.UiConfigServiceImpl   : ui-config found role=DIRECTOR sections=3
2025-08-26T23:46:34.956-05:00  INFO 6616 --- [perumar-backend] [     parallel-6] p.e.p.p.u.r.UiConfigRepositoryImpl       : ?? Extracted role from JWT: DIRECTOR
2025-08-26T23:46:35.358-05:00  INFO 6616 --- [perumar-backend] [nc-response-1-3] p.e.p.p.ui.service.UiConfigServiceImpl   : ui-config found role=DIRECTOR sections=3
2025-08-26T23:51:30.004-05:00  INFO 6616 --- [perumar-backend] [     parallel-7] p.e.p.p.u.r.UiConfigRepositoryImpl       : ?? Extracted role from JWT: COORDINADOR
2025-08-26T23:51:30.057-05:00  INFO 6616 --- [perumar-backend] [     parallel-8] p.e.p.p.u.r.UiConfigRepositoryImpl       : ?? Extracted role from JWT: COORDINADOR
2025-08-26T23:51:30.359-05:00  INFO 6616 --- [perumar-backend] [nc-response-1-5] p.e.p.p.ui.service.UiConfigServiceImpl   : ui-config found role=COORDINADOR sections=2
2025-08-26T23:52:18.741-05:00  INFO 6616 --- [perumar-backend] [     parallel-1] p.e.p.p.u.r.UiConfigRepositoryImpl       : ?? Extracted role from JWT: ADMIN
2025-08-26T23:52:18.785-05:00  INFO 6616 --- [perumar-backend] [     parallel-2] p.e.p.p.u.r.UiConfigRepositoryImpl       : ?? Extracted role from JWT: ADMIN
2025-08-26T23:52:19.092-05:00  INFO 6616 --- [perumar-backend] [nc-response-1-7] p.e.p.p.ui.service.UiConfigServiceImpl   : ui-config found role=ADMIN sections=2
2025-08-26T23:52:36.503-05:00  INFO 6616 --- [perumar-backend] [     parallel-3] p.e.p.p.u.r.UiConfigRepositoryImpl       : ?? Extracted role from JWT: DIRECTOR
2025-08-26T23:52:36.801-05:00  INFO 6616 --- [perumar-backend] [nc-response-1-8] p.e.p.p.ui.service.UiConfigServiceImpl   : ui-config found role=DIRECTOR sections=3
2025-08-26T23:52:57.056-05:00  INFO 6616 --- [perumar-backend] [     parallel-4] p.e.p.p.u.r.UiConfigRepositoryImpl       : ?? Extracted role from JWT: ADMIN
2025-08-26T23:52:57.085-05:00  INFO 6616 --- [perumar-backend] [     parallel-5] p.e.p.p.u.r.UiConfigRepositoryImpl       : ?? Extracted role from JWT: ADMIN
2025-08-26T23:52:57.398-05:00  INFO 6616 --- [perumar-backend] [nc-response-1-9] p.e.p.p.ui.service.UiConfigServiceImpl   : ui-config found role=ADMIN sections=2
2025-08-26T23:53:43.048-05:00  INFO 6616 --- [perumar-backend] [     parallel-6] p.e.p.p.u.r.UiConfigRepositoryImpl       : ?? Extracted role from JWT: DIRECTOR
2025-08-26T23:53:43.384-05:00  INFO 6616 --- [perumar-backend] [c-response-1-11] p.e.p.p.ui.service.UiConfigServiceImpl   : ui-config found role=DIRECTOR sections=3
2025-08-27T00:03:51.455-05:00  INFO 6616 --- [perumar-backend] [ionShutdownHook] o.s.b.w.embedded.netty.GracefulShutdown  : Commencing graceful shutdown. Waiting for active requests to complete
2025-08-27T00:03:51.457-05:00  INFO 6616 --- [perumar-backend] [ netty-shutdown] o.s.b.w.embedded.netty.GracefulShutdown  : Graceful shutdown complete
[INFO] ------------------------------------------------------------------------
[INFO] BUILD SUCCESS
[INFO] ------------------------------------------------------------------------
[INFO] Total time:  28:05 min
[INFO] Finished at: 2025-08-27T00:03:56-05:00
[INFO] ------------------------------------------------------------------------
¨Desea terminar el trabajo por lotes (S/N)? 